Running Gradle task 'assembleDebug'...                          
flutter : 
Au caractère Ligne:1 : 1
+ flutter build apk --debug 2>&1 | Out-File 
-FilePath error_log.txt -En ...
+ ~~~~~~~~~~~~~~~~~~~~~~~~~~~~~~
    + CategoryInfo          : NotSpecified: ( 
   :String) [], RemoteException
    + FullyQualifiedErrorId : NativeCommandEr 
   ror
 
FAILURE: Build failed with an exception.

* What went wrong:
A problem occurred configuring project 
':telephony'.
> Could not create an instance of type com.and
roid.build.api.variant.impl.LibraryVariantBuil
derImpl.
   > Namespace not specified. Specify a 
namespace in the module's build file: C:\Users
\adiri\AppData\Local\Pub\Cache\hosted\pub.dev\
telephony-0.2.0\android\build.gradle. See http
s://d.android.com/r/tools/upgrade-assistant/se
t-namespace for information about setting the 
namespace.

     If you've specified the package 
attribute in the source AndroidManifest.xml, 
you can use the AGP Upgrade Assistant to 
migrate to the namespace value in the build 
file. Refer to https://d.android.com/r/tools/u
pgrade-assistant/agp-upgrade-assistant for 
general information about using the AGP 
Upgrade Assistant.

* Try:
> Run with --stacktrace option to get the 
stack trace.
> Run with --info or --debug option to get 
more log output.
> Run with --scan to get full insights.
> Get more help at https://help.gradle.org.

BUILD FAILED in 5s
Running Gradle task 'assembleDebug'...                              5,9s
Gradle task assembleDebug failed with exit 
code 1
